<?xml version="1.0" encoding="UTF-8"?>
<!-- Generated by org.testng.reporters.JUnitReportReporter -->
<testsuite hostname="DESKTOP-2T9SIIM" failures="0" tests="1" name="DonationTest" time="16.160" errors="0" timestamp="2023-05-23T14:00:46 CDT" skipped="0">
  <testcase classname="DonationTest" name="OpenBrowser" time="16.160"/>
  <system-out/>
</testsuite> <!-- DonationTest -->
