<?xml version="1.0" encoding="UTF-8"?>
<!-- Generated by org.testng.reporters.JUnitReportReporter -->
<testsuite hostname="DESKTOP-2T9SIIM" failures="0" tests="1" name="SpecialtyCareTest" time="24.209" errors="0" timestamp="2023-05-23T14:00:46 CDT" skipped="0">
  <testcase classname="SpecialtyCareTest" name="testSpecialtyCare" time="24.209"/>
  <system-out/>
</testsuite> <!-- SpecialtyCareTest -->
